<?xml version="1.0" encoding="UTF-8"?>
<!-- Generated by org.testng.reporters.JUnitReportReporter -->
<testsuite hostname="satya" failures="0" tests="2" name="JiraAPI.JiraAPI.TestV" time="0.010" errors="0" timestamp="2023-02-10T15:06:42 IST" skipped="0">
  <testcase classname="JiraAPI.JiraAPI.TestV" name="Wicketkeeper" time="0.001"/>
  <system-out/>
  <testcase classname="JiraAPI.JiraAPI.TestV" name="Forienger" time="0.009"/>
  <system-out/>
</testsuite> <!-- JiraAPI.JiraAPI.TestV -->
