<?xml version="1.0" encoding="UTF-8"?>
<!-- Generated by org.testng.reporters.JUnitReportReporter -->
<testsuite hostname="satya" failures="0" tests="1" name="JiraAPI.JiraAPI.AppTest" time="1.523" errors="0" timestamp="2023-02-09T11:55:03 IST" skipped="0">
  <testcase classname="JiraAPI.JiraAPI.AppTest" name="JiraAPICreateIssue" time="1.523"/>
  <system-out/>
</testsuite> <!-- JiraAPI.JiraAPI.AppTest -->
