<?xml version="1.0" encoding="UTF-8"?>
<!-- Generated by org.testng.reporters.JUnitReportReporter -->
<testsuite hostname="satya" failures="0" tests="2" name="testV.TestV" time="0.009" errors="0" timestamp="2023-02-10T15:18:26 IST" skipped="0">
  <testcase classname="testV.TestV" name="OnlyFourForeignPlayers" time="0.002"/>
  <system-out/>
  <testcase classname="testV.TestV" name="AtLeastOneWicketKeeper" time="0.007"/>
  <system-out/>
</testsuite> <!-- testV.TestV -->
